app/build/outputs/logs/manifest-merger-debug-report.txt
-- Merging decision tree log ---
manifest
ADDED from src\main\AndroidManifest.xml:2:1-109:12
	package
		ADDED from src\main\AndroidManifest.xml:4:5-35
		INJECTED from src\main\AndroidManifest.xml
		INJECTED from src\main\AndroidManifest.xml
	android:sharedUserId
		ADDED from src\main\AndroidManifest.xml:5:5-48
	android:versionName
		INJECTED from src\main\AndroidManifest.xml
		INJECTED from src\main\AndroidManifest.xml
	xmlns:android
		ADDED from src\main\AndroidManifest.xml:3:5-63
	android:versionCode
		INJECTED from src\main\AndroidManifest.xml
		INJECTED from src\main\AndroidManifest.xml
original-package
ADDED from src\main\AndroidManifest.xml:8:5-62
	android:name
		ADDED from src\main\AndroidManifest.xml:8:23-59
permission#com.android.launcher.permission.INSTALL_SHORTCUT
ADDED from src\main\AndroidManifest.xml:10:5-15:67
	android:label
		ADDED from src\main\AndroidManifest.xml:14:9-57
	android:protectionLevel
		ADDED from src\main\AndroidManifest.xml:13:9-41
	android:permissionGroup
		ADDED from src\main\AndroidManifest.xml:12:9-72
	android:description
		ADDED from src\main\AndroidManifest.xml:15:9-64
	android:name
		ADDED from src\main\AndroidManifest.xml:11:9-72
permission#com.android.launcher.permission.UNINSTALL_SHORTCUT
ADDED from src\main\AndroidManifest.xml:16:5-21:68
	android:label
		ADDED from src\main\AndroidManifest.xml:20:9-59
	android:protectionLevel
		ADDED from src\main\AndroidManifest.xml:19:9-41
	android:permissionGroup
		ADDED from src\main\AndroidManifest.xml:18:9-72
	android:description
		ADDED from src\main\AndroidManifest.xml:21:9-66
	android:name
		ADDED from src\main\AndroidManifest.xml:17:9-74
permission#com.android.launcher.permission.READ_SETTINGS
ADDED from src\main\AndroidManifest.xml:22:5-27:63
	android:label
		ADDED from src\main\AndroidManifest.xml:26:9-54
	android:protectionLevel
		ADDED from src\main\AndroidManifest.xml:25:9-41
	android:permissionGroup
		ADDED from src\main\AndroidManifest.xml:24:9-72
	android:description
		ADDED from src\main\AndroidManifest.xml:27:9-61
	android:name
		ADDED from src\main\AndroidManifest.xml:23:9-69
permission#com.android.launcher.permission.WRITE_SETTINGS
ADDED from src\main\AndroidManifest.xml:28:5-33:64
	android:label
		ADDED from src\main\AndroidManifest.xml:32:9-55
	android:protectionLevel
		ADDED from src\main\AndroidManifest.xml:31:9-41
	android:permissionGroup
		ADDED from src\main\AndroidManifest.xml:30:9-72
	android:description
		ADDED from src\main\AndroidManifest.xml:33:9-62
	android:name
		ADDED from src\main\AndroidManifest.xml:29:9-70
uses-permission#android.permission.CALL_PHONE
ADDED from src\main\AndroidManifest.xml:35:5-69
	android:name
		ADDED from src\main\AndroidManifest.xml:35:22-66
uses-permission#android.permission.EXPAND_STATUS_BAR
ADDED from src\main\AndroidManifest.xml:36:5-76
	android:name
		ADDED from src\main\AndroidManifest.xml:36:22-73
uses-permission#android.permission.GET_TASKS
ADDED from src\main\AndroidManifest.xml:37:5-68
	android:name
		ADDED from src\main\AndroidManifest.xml:37:22-65
uses-permission#android.permission.READ_CONTACTS
ADDED from src\main\AndroidManifest.xml:38:5-71
	android:name
		ADDED from src\main\AndroidManifest.xml:38:22-69
uses-permission#android.permission.SET_WALLPAPER
ADDED from src\main\AndroidManifest.xml:39:5-72
	android:name
		ADDED from src\main\AndroidManifest.xml:39:22-69
uses-permission#android.permission.SET_WALLPAPER_HINTS
ADDED from src\main\AndroidManifest.xml:40:5-78
	android:name
		ADDED from src\main\AndroidManifest.xml:40:22-75
uses-permission#android.permission.VIBRATE
ADDED from src\main\AndroidManifest.xml:41:5-66
	android:name
		ADDED from src\main\AndroidManifest.xml:41:22-63
uses-permission#android.permission.WRITE_SETTINGS
ADDED from src\main\AndroidManifest.xml:42:5-73
	android:name
		ADDED from src\main\AndroidManifest.xml:42:22-70
uses-permission#android.permission.BIND_APPWIDGET
ADDED from src\main\AndroidManifest.xml:43:5-73
	android:name
		ADDED from src\main\AndroidManifest.xml:43:22-70
uses-permission#com.android.launcher.permission.READ_SETTINGS
ADDED from src\main\AndroidManifest.xml:44:5-85
	android:name
		ADDED from src\main\AndroidManifest.xml:44:22-82
uses-permission#com.android.launcher.permission.WRITE_SETTINGS
ADDED from src\main\AndroidManifest.xml:45:5-86
	android:name
		ADDED from src\main\AndroidManifest.xml:45:22-83
application
ADDED from src\main\AndroidManifest.xml:47:5-108:19
	android:process
		ADDED from src\main\AndroidManifest.xml:49:9-42
	android:label
		ADDED from src\main\AndroidManifest.xml:50:9-49
	android:hardwareAccelerated
		ADDED from src\main\AndroidManifest.xml:52:9-71
	android:icon
		ADDED from src\main\AndroidManifest.xml:51:9-50
	android:largeHeap
		ADDED from src\main\AndroidManifest.xml:53:9-51
	android:name
		ADDED from src\main\AndroidManifest.xml:48:9-65
activity#com.android.launcher2.Launcher
ADDED from src\main\AndroidManifest.xml:54:9-67:20
	android:clearTaskOnLaunch
		ADDED from src\main\AndroidManifest.xml:57:13-45
	android:stateNotNeeded
		ADDED from src\main\AndroidManifest.xml:58:13-42
	android:launchMode
		ADDED from src\main\AndroidManifest.xml:56:13-44
	android:windowSoftInputMode
		ADDED from src\main\AndroidManifest.xml:60:13-52
	android:theme
		ADDED from src\main\AndroidManifest.xml:59:13-41
	android:name
		ADDED from src\main\AndroidManifest.xml:55:13-58
intent-filter#android.intent.action.MAIN+android.intent.category.DEFAULT+android.intent.category.HOME+android.intent.category.MONKEY
ADDED from src\main\AndroidManifest.xml:61:13-66:29
action#android.intent.action.MAIN
ADDED from src\main\AndroidManifest.xml:62:17-69
	android:name
		ADDED from src\main\AndroidManifest.xml:62:25-66
category#android.intent.category.HOME
ADDED from src\main\AndroidManifest.xml:63:17-73
	android:name
		ADDED from src\main\AndroidManifest.xml:63:27-70
category#android.intent.category.DEFAULT
ADDED from src\main\AndroidManifest.xml:64:17-76
	android:name
		ADDED from src\main\AndroidManifest.xml:64:27-73
category#android.intent.category.MONKEY
ADDED from src\main\AndroidManifest.xml:65:17-74
	android:name
		ADDED from src\main\AndroidManifest.xml:65:27-72
activity#com.android.launcher2.WallpaperChooser
ADDED from src\main\AndroidManifest.xml:69:9-81:20
	android:finishOnCloseSystemDialogs
		ADDED from src\main\AndroidManifest.xml:74:13-54
	android:label
		ADDED from src\main\AndroidManifest.xml:72:13-51
	android:icon
		ADDED from src\main\AndroidManifest.xml:73:13-59
	style
		ADDED from src\main\AndroidManifest.xml:71:13-49
	android:name
		ADDED from src\main\AndroidManifest.xml:70:13-66
intent-filter#android.intent.action.SET_WALLPAPER+android.intent.category.DEFAULT
ADDED from src\main\AndroidManifest.xml:75:13-78:29
action#android.intent.action.SET_WALLPAPER
ADDED from src\main\AndroidManifest.xml:76:17-78
	android:name
		ADDED from src\main\AndroidManifest.xml:76:25-75
meta-data#android.wallpaper.preview
ADDED from src\main\AndroidManifest.xml:79:13-80:68
	android:resource
		ADDED from src\main\AndroidManifest.xml:80:17-65
	android:name
		ADDED from src\main\AndroidManifest.xml:79:24-64
receiver#com.android.launcher2.InstallShortcutReceiver
ADDED from src\main\AndroidManifest.xml:84:9-90:20
	android:permission
		ADDED from src\main\AndroidManifest.xml:86:13-82
	android:name
		ADDED from src\main\AndroidManifest.xml:85:13-73
intent-filter#com.android.launcher.action.INSTALL_SHORTCUT
ADDED from src\main\AndroidManifest.xml:87:13-89:29
action#com.android.launcher.action.INSTALL_SHORTCUT
ADDED from src\main\AndroidManifest.xml:88:17-87
	android:name
		ADDED from src\main\AndroidManifest.xml:88:25-84
receiver#com.android.launcher2.UninstallShortcutReceiver
ADDED from src\main\AndroidManifest.xml:93:9-99:20
	android:permission
		ADDED from src\main\AndroidManifest.xml:95:13-84
	android:name
		ADDED from src\main\AndroidManifest.xml:94:13-75
intent-filter#com.android.launcher.action.UNINSTALL_SHORTCUT
ADDED from src\main\AndroidManifest.xml:96:13-98:29
action#com.android.launcher.action.UNINSTALL_SHORTCUT
ADDED from src\main\AndroidManifest.xml:97:17-89
	android:name
		ADDED from src\main\AndroidManifest.xml:97:25-86
provider#com.android.launcher2.LauncherProvider
ADDED from src\main\AndroidManifest.xml:102:9-106:86
	android:readPermission
		ADDED from src\main\AndroidManifest.xml:106:13-83
	android:authorities
		ADDED from src\main\AndroidManifest.xml:104:13-65
	android:name
		ADDED from src\main\AndroidManifest.xml:103:13-66
	android:writePermission
		ADDED from src\main\AndroidManifest.xml:105:13-85
uses-sdk
INJECTED from src\main\AndroidManifest.xml reason: use-sdk injection requested
	android:targetSdkVersion
		INJECTED from src\main\AndroidManifest.xml
		INJECTED from src\main\AndroidManifest.xml
	android:minSdkVersion
		INJECTED from src\main\AndroidManifest.xml
		INJECTED from src\main\AndroidManifest.xml